TN:
SF:/home/aj/team3/teamproject3/client/modules/messages/actions/messages.js
FN:3,messageSend
FN:3,validateMessage
FN:3,clearErrors
FNF:3
FNH:0
FNDA:0,messageSend
FNDA:0,validateMessage
FNDA:0,clearErrors
DA:1,1
DA:4,0
DA:6,0
DA:23,0
DA:25,0
DA:26,0
DA:30,0
DA:31,0
DA:33,0
DA:34,0
DA:38,0
DA:39,0
LF:12
LH:1
BRDA:33,1,0,0
BRDA:33,1,1,0
BRF:2
BRH:0
end_of_record
TN:
SF:/home/aj/team3/teamproject3/lib/collections/messages.js
FNF:0
FNH:0
DA:1,1
DA:2,0
DA:4,0
DA:6,0
LF:4
LH:1
BRF:0
BRH:0
end_of_record
